1630238670,,ui,say,==> amazon-ebs: Prevalidating any provided VPC information
1630238670,,ui,say,==> amazon-ebs: Prevalidating AMI Name: aws-swarm-instance-1630238669
1630238671,,ui,message,    amazon-ebs: Found Image ID: ami-04ea83ef6e494c1f2
1630238672,,ui,say,==> amazon-ebs: Creating temporary keypair: packer_612b77cd-2150-4460-a1a1-cc89d326b7ef
1630238673,,ui,say,==> amazon-ebs: Creating temporary security group for this instance: packer_612b77d1-efb3-efec-9f82-a4ea51e4e7d6
1630238674,,ui,say,==> amazon-ebs: Authorizing access to port 22 from [0.0.0.0/0] in the temporary security groups...
1630238674,,ui,say,==> amazon-ebs: Launching a source AWS instance...
1630238674,,ui,say,==> amazon-ebs: Adding tags to source instance
1630238674,,ui,message,    amazon-ebs: Adding tag: "Name": "Packer Builder"
1630238676,,ui,message,    amazon-ebs: Instance ID: i-05cfa1cb76ca9f632
1630238676,,ui,say,==> amazon-ebs: Waiting for instance (i-05cfa1cb76ca9f632) to become ready...
1630238708,,ui,say,==> amazon-ebs: Using ssh communicator to connect: 18.119.105.166
1630238708,,ui,say,==> amazon-ebs: Waiting for SSH to become available...
1630238719,,ui,say,==> amazon-ebs: Connected to SSH!
1630238719,,ui,say,==> amazon-ebs: Provisioning with shell script: /tmp/packer-shell929759015
1630238722,,ui,message,    amazon-ebs:
1630238722,,ui,message,    amazon-ebs: status: done
1630238722,,ui,error,==> amazon-ebs:
1630238722,,ui,error,==> amazon-ebs: WARNING: apt does not have a stable CLI interface. Use with caution in scripts.
1630238722,,ui,error,==> amazon-ebs:
1630238722,,ui,message,    amazon-ebs: Hit:1 http://us-east-2.ec2.archive.ubuntu.com/ubuntu focal InRelease
1630238722,,ui,message,    amazon-ebs: Get:2 http://us-east-2.ec2.archive.ubuntu.com/ubuntu focal-updates InRelease [114 kB]
1630238722,,ui,message,    amazon-ebs: Get:3 http://us-east-2.ec2.archive.ubuntu.com/ubuntu focal-backports InRelease [101 kB]
1630238722,,ui,message,    amazon-ebs: Get:4 http://security.ubuntu.com/ubuntu focal-security InRelease [114 kB]
1630238722,,ui,message,    amazon-ebs: Get:5 http://us-east-2.ec2.archive.ubuntu.com/ubuntu focal/universe amd64 Packages [8628 kB]
1630238722,,ui,message,    amazon-ebs: Get:6 http://us-east-2.ec2.archive.ubuntu.com/ubuntu focal/universe Translation-en [5124 kB]
1630238722,,ui,message,    amazon-ebs: Get:7 http://us-east-2.ec2.archive.ubuntu.com/ubuntu focal/universe amd64 c-n-f Metadata [265 kB]
1630238722,,ui,message,    amazon-ebs: Get:8 http://us-east-2.ec2.archive.ubuntu.com/ubuntu focal/multiverse amd64 Packages [144 kB]
1630238722,,ui,message,    amazon-ebs: Get:9 http://us-east-2.ec2.archive.ubuntu.com/ubuntu focal/multiverse Translation-en [104 kB]
1630238722,,ui,message,    amazon-ebs: Get:10 http://us-east-2.ec2.archive.ubuntu.com/ubuntu focal/multiverse amd64 c-n-f Metadata [9136 B]
1630238722,,ui,message,    amazon-ebs: Get:11 http://us-east-2.ec2.archive.ubuntu.com/ubuntu focal-updates/main amd64 Packages [1170 kB]
1630238722,,ui,message,    amazon-ebs: Get:12 http://us-east-2.ec2.archive.ubuntu.com/ubuntu focal-updates/main amd64 c-n-f Metadata [13.9 kB]
1630238722,,ui,message,    amazon-ebs: Get:13 http://us-east-2.ec2.archive.ubuntu.com/ubuntu focal-updates/universe amd64 Packages [848 kB]
1630238722,,ui,message,    amazon-ebs: Get:14 http://us-east-2.ec2.archive.ubuntu.com/ubuntu focal-updates/universe Translation-en [179 kB]
1630238722,,ui,message,    amazon-ebs: Get:15 http://us-east-2.ec2.archive.ubuntu.com/ubuntu focal-updates/universe amd64 c-n-f Metadata [18.7 kB]
1630238722,,ui,message,    amazon-ebs: Get:16 http://us-east-2.ec2.archive.ubuntu.com/ubuntu focal-updates/multiverse amd64 Packages [24.6 kB]
1630238722,,ui,message,    amazon-ebs: Get:17 http://us-east-2.ec2.archive.ubuntu.com/ubuntu focal-updates/multiverse Translation-en [6776 B]
1630238722,,ui,message,    amazon-ebs: Get:18 http://us-east-2.ec2.archive.ubuntu.com/ubuntu focal-updates/multiverse amd64 c-n-f Metadata [620 B]
1630238722,,ui,message,    amazon-ebs: Get:19 http://us-east-2.ec2.archive.ubuntu.com/ubuntu focal-backports/main amd64 Packages [2568 B]
1630238722,,ui,message,    amazon-ebs: Get:20 http://us-east-2.ec2.archive.ubuntu.com/ubuntu focal-backports/main Translation-en [1120 B]
1630238722,,ui,message,    amazon-ebs: Get:21 http://us-east-2.ec2.archive.ubuntu.com/ubuntu focal-backports/main amd64 c-n-f Metadata [400 B]
1630238722,,ui,message,    amazon-ebs: Get:22 http://us-east-2.ec2.archive.ubuntu.com/ubuntu focal-backports/restricted amd64 c-n-f Metadata [116 B]
1630238722,,ui,message,    amazon-ebs: Get:23 http://us-east-2.ec2.archive.ubuntu.com/ubuntu focal-backports/universe amd64 Packages [5812 B]
1630238722,,ui,message,    amazon-ebs: Get:24 http://us-east-2.ec2.archive.ubuntu.com/ubuntu focal-backports/universe Translation-en [2068 B]
1630238722,,ui,message,    amazon-ebs: Get:25 http://us-east-2.ec2.archive.ubuntu.com/ubuntu focal-backports/universe amd64 c-n-f Metadata [288 B]
1630238722,,ui,message,    amazon-ebs: Get:26 http://us-east-2.ec2.archive.ubuntu.com/ubuntu focal-backports/multiverse amd64 c-n-f Metadata [116 B]
1630238722,,ui,message,    amazon-ebs: Get:27 http://security.ubuntu.com/ubuntu focal-security/main amd64 Packages [828 kB]
1630238723,,ui,message,    amazon-ebs: Get:28 http://security.ubuntu.com/ubuntu focal-security/restricted amd64 Packages [374 kB]
1630238723,,ui,message,    amazon-ebs: Get:29 http://security.ubuntu.com/ubuntu focal-security/restricted Translation-en [53.7 kB]
1630238723,,ui,message,    amazon-ebs: Get:30 http://security.ubuntu.com/ubuntu focal-security/universe amd64 Packages [638 kB]
1630238723,,ui,message,    amazon-ebs: Get:31 http://security.ubuntu.com/ubuntu focal-security/universe Translation-en [101 kB]
1630238723,,ui,message,    amazon-ebs: Get:32 http://security.ubuntu.com/ubuntu focal-security/universe amd64 c-n-f Metadata [12.3 kB]
1630238723,,ui,message,    amazon-ebs: Get:33 http://security.ubuntu.com/ubuntu focal-security/multiverse amd64 Packages [21.9 kB]
1630238723,,ui,message,    amazon-ebs: Get:34 http://security.ubuntu.com/ubuntu focal-security/multiverse Translation-en [4948 B]
1630238723,,ui,message,    amazon-ebs: Get:35 http://security.ubuntu.com/ubuntu focal-security/multiverse amd64 c-n-f Metadata [540 B]
1630238730,,ui,message,    amazon-ebs: Fetched 18.9 MB in 3s (6589 kB/s)
1630238731,,ui,message,    amazon-ebs: Reading package lists...
1630238731,,ui,message,    amazon-ebs: Building dependency tree...
1630238731,,ui,message,    amazon-ebs: Reading state information...
1630238731,,ui,message,    amazon-ebs: 2 packages can be upgraded. Run 'apt list --upgradable' to see them.
1630238731,,ui,error,==> amazon-ebs:
1630238731,,ui,error,==> amazon-ebs: WARNING: apt does not have a stable CLI interface. Use with caution in scripts.
1630238731,,ui,error,==> amazon-ebs:
1630238731,,ui,message,    amazon-ebs: Reading package lists...
1630238731,,ui,message,    amazon-ebs: Building dependency tree...
1630238731,,ui,message,    amazon-ebs: Reading state information...
1630238731,,ui,message,    amazon-ebs: Calculating upgrade...
1630238732,,ui,message,    amazon-ebs: The following packages will be upgraded:
1630238732,,ui,message,    amazon-ebs:   libssh-4 open-vm-tools
1630238732,,ui,message,    amazon-ebs: 2 upgraded%!(PACKER_COMMA) 0 newly installed%!(PACKER_COMMA) 0 to remove and 0 not upgraded.
1630238732,,ui,message,    amazon-ebs: 1 standard security update
1630238732,,ui,message,    amazon-ebs: Need to get 774 kB of archives.
1630238732,,ui,message,    amazon-ebs: After this operation%!(PACKER_COMMA) 499 kB of additional disk space will be used.
1630238732,,ui,message,    amazon-ebs: Get:1 http://us-east-2.ec2.archive.ubuntu.com/ubuntu focal-updates/main amd64 libssh-4 amd64 0.9.3-2ubuntu2.2 [170 kB]
1630238732,,ui,message,    amazon-ebs: Get:2 http://us-east-2.ec2.archive.ubuntu.com/ubuntu focal-updates/universe amd64 open-vm-tools amd64 2:11.2.5-2ubuntu1~ubuntu20.04.1 [604 kB]
1630238732,,ui,error,==> amazon-ebs: debconf: unable to initialize frontend: Dialog
1630238732,,ui,error,==> amazon-ebs: debconf: (Dialog frontend will not work on a dumb terminal%!(PACKER_COMMA) an emacs shell buffer%!(PACKER_COMMA) or without a controlling terminal.)
1630238732,,ui,error,==> amazon-ebs: debconf: falling back to frontend: Readline
1630238732,,ui,error,==> amazon-ebs: debconf: unable to initialize frontend: Readline
1630238732,,ui,error,==> amazon-ebs: debconf: (This frontend requires a controlling tty.)
1630238732,,ui,error,==> amazon-ebs: debconf: falling back to frontend: Teletype
1630238732,,ui,error,==> amazon-ebs: dpkg-preconfigure: unable to re-open stdin:
1630238732,,ui,message,    amazon-ebs: Fetched 774 kB in 0s (20.2 MB/s)
1630238732,,ui,message,    amazon-ebs: (Reading database ... 63745 files and directories currently installed.)
1630238732,,ui,message,    amazon-ebs: Preparing to unpack .../libssh-4_0.9.3-2ubuntu2.2_amd64.deb ...
1630238732,,ui,message,    amazon-ebs: Unpacking libssh-4:amd64 (0.9.3-2ubuntu2.2) over (0.9.3-2ubuntu2.1) ...
1630238732,,ui,message,    amazon-ebs: Preparing to unpack .../open-vm-tools_2%3a11.2.5-2ubuntu1~ubuntu20.04.1_amd64.deb ...
1630238732,,ui,message,    amazon-ebs: Unpacking open-vm-tools (2:11.2.5-2ubuntu1~ubuntu20.04.1) over (2:11.0.5-4) ...
1630238733,,ui,message,    amazon-ebs: Setting up libssh-4:amd64 (0.9.3-2ubuntu2.2) ...
1630238733,,ui,message,    amazon-ebs: Setting up open-vm-tools (2:11.2.5-2ubuntu1~ubuntu20.04.1) ...
1630238733,,ui,message,    amazon-ebs: Installing new version of config file /etc/vmware-tools/tools.conf.example ...
1630238733,,ui,message,    amazon-ebs: Installing new version of config file /etc/vmware-tools/vgauth.conf ...
1630238734,,ui,message,    amazon-ebs: Processing triggers for systemd (245.4-4ubuntu3.11) ...
1630238734,,ui,message,    amazon-ebs: Processing triggers for man-db (2.9.1-1) ...
1630238735,,ui,message,    amazon-ebs: Processing triggers for libc-bin (2.31-0ubuntu9.2) ...
1630238736,,ui,error,==> amazon-ebs:
1630238736,,ui,error,==> amazon-ebs: WARNING: apt does not have a stable CLI interface. Use with caution in scripts.
1630238736,,ui,error,==> amazon-ebs:
1630238736,,ui,message,    amazon-ebs: Reading package lists...
1630238736,,ui,message,    amazon-ebs: Building dependency tree...
1630238736,,ui,message,    amazon-ebs: Reading state information...
1630238736,,ui,message,    amazon-ebs: git is already the newest version (1:2.25.1-1ubuntu3.1).
1630238736,,ui,message,    amazon-ebs: git set to manually installed.
1630238736,,ui,message,    amazon-ebs: The following additional packages will be installed:
1630238736,,ui,message,    amazon-ebs:   binutils-common binutils-x86-64-linux-gnu bridge-utils containerd
1630238736,,ui,message,    amazon-ebs:   dns-root-data dnsmasq-base libbinutils libctf-nobfd0 libctf0 libidn11 pigz
1630238736,,ui,message,    amazon-ebs:   runc ubuntu-fan
1630238736,,ui,message,    amazon-ebs: Suggested packages:
1630238736,,ui,message,    amazon-ebs:   binutils-doc ifupdown aufs-tools cgroupfs-mount | cgroup-lite debootstrap
1630238736,,ui,message,    amazon-ebs:   docker-doc rinse zfs-fuse | zfsutils
1630238736,,ui,message,    amazon-ebs: The following NEW packages will be installed:
1630238736,,ui,message,    amazon-ebs:   binutils binutils-common binutils-x86-64-linux-gnu bridge-utils containerd
1630238736,,ui,message,    amazon-ebs:   dns-root-data dnsmasq-base docker.io libbinutils libctf-nobfd0 libctf0
1630238736,,ui,message,    amazon-ebs:   libidn11 pigz runc ubuntu-fan
1630238736,,ui,message,    amazon-ebs: 0 upgraded%!(PACKER_COMMA) 15 newly installed%!(PACKER_COMMA) 0 to remove and 0 not upgraded.
1630238736,,ui,message,    amazon-ebs: Need to get 76.8 MB of archives.
1630238736,,ui,message,    amazon-ebs: After this operation%!(PACKER_COMMA) 373 MB of additional disk space will be used.
1630238736,,ui,message,    amazon-ebs: Get:1 http://us-east-2.ec2.archive.ubuntu.com/ubuntu focal/universe amd64 pigz amd64 2.4-1 [57.4 kB]
1630238736,,ui,message,    amazon-ebs: Get:2 http://us-east-2.ec2.archive.ubuntu.com/ubuntu focal-updates/main amd64 binutils-common amd64 2.34-6ubuntu1.1 [207 kB]
1630238736,,ui,message,    amazon-ebs: Get:3 http://us-east-2.ec2.archive.ubuntu.com/ubuntu focal-updates/main amd64 libbinutils amd64 2.34-6ubuntu1.1 [475 kB]
1630238736,,ui,message,    amazon-ebs: Get:4 http://us-east-2.ec2.archive.ubuntu.com/ubuntu focal-updates/main amd64 libctf-nobfd0 amd64 2.34-6ubuntu1.1 [47.1 kB]
1630238736,,ui,message,    amazon-ebs: Get:5 http://us-east-2.ec2.archive.ubuntu.com/ubuntu focal-updates/main amd64 libctf0 amd64 2.34-6ubuntu1.1 [46.6 kB]
1630238736,,ui,message,    amazon-ebs: Get:6 http://us-east-2.ec2.archive.ubuntu.com/ubuntu focal-updates/main amd64 binutils-x86-64-linux-gnu amd64 2.34-6ubuntu1.1 [1613 kB]
1630238736,,ui,message,    amazon-ebs: Get:7 http://us-east-2.ec2.archive.ubuntu.com/ubuntu focal-updates/main amd64 binutils amd64 2.34-6ubuntu1.1 [3380 B]
1630238736,,ui,message,    amazon-ebs: Get:8 http://us-east-2.ec2.archive.ubuntu.com/ubuntu focal/main amd64 bridge-utils amd64 1.6-2ubuntu1 [30.5 kB]
1630238736,,ui,message,    amazon-ebs: Get:9 http://us-east-2.ec2.archive.ubuntu.com/ubuntu focal-updates/main amd64 runc amd64 1.0.0~rc95-0ubuntu1~20.04.2 [4087 kB]
1630238736,,ui,message,    amazon-ebs: Get:10 http://us-east-2.ec2.archive.ubuntu.com/ubuntu focal-updates/main amd64 containerd amd64 1.5.2-0ubuntu1~20.04.2 [32.9 MB]
1630238737,,ui,message,    amazon-ebs: Get:11 http://us-east-2.ec2.archive.ubuntu.com/ubuntu focal/main amd64 dns-root-data all 2019052802 [5300 B]
1630238737,,ui,message,    amazon-ebs: Get:12 http://us-east-2.ec2.archive.ubuntu.com/ubuntu focal/main amd64 libidn11 amd64 1.33-2.2ubuntu2 [46.2 kB]
1630238737,,ui,message,    amazon-ebs: Get:13 http://us-east-2.ec2.archive.ubuntu.com/ubuntu focal-updates/main amd64 dnsmasq-base amd64 2.80-1.1ubuntu1.4 [315 kB]
1630238737,,ui,message,    amazon-ebs: Get:14 http://us-east-2.ec2.archive.ubuntu.com/ubuntu focal-updates/universe amd64 docker.io amd64 20.10.7-0ubuntu1~20.04.1 [36.9 MB]
1630238738,,ui,message,    amazon-ebs: Get:15 http://us-east-2.ec2.archive.ubuntu.com/ubuntu focal/main amd64 ubuntu-fan all 0.12.13 [34.5 kB]
1630238738,,ui,error,==> amazon-ebs: debconf: unable to initialize frontend: Dialog
1630238738,,ui,error,==> amazon-ebs: debconf: (Dialog frontend will not work on a dumb terminal%!(PACKER_COMMA) an emacs shell buffer%!(PACKER_COMMA) or without a controlling terminal.)
1630238738,,ui,error,==> amazon-ebs: debconf: falling back to frontend: Readline
1630238738,,ui,error,==> amazon-ebs: debconf: unable to initialize frontend: Readline
1630238738,,ui,error,==> amazon-ebs: debconf: (This frontend requires a controlling tty.)
1630238738,,ui,error,==> amazon-ebs: debconf: falling back to frontend: Teletype
1630238738,,ui,error,==> amazon-ebs: dpkg-preconfigure: unable to re-open stdin:
1630238738,,ui,message,    amazon-ebs: Fetched 76.8 MB in 1s (53.4 MB/s)
1630238738,,ui,message,    amazon-ebs: Selecting previously unselected package pigz.
1630238738,,ui,message,    amazon-ebs: (Reading database ... 63758 files and directories currently installed.)
1630238738,,ui,message,    amazon-ebs: Preparing to unpack .../00-pigz_2.4-1_amd64.deb ...
1630238738,,ui,message,    amazon-ebs: Unpacking pigz (2.4-1) ...
1630238738,,ui,message,    amazon-ebs: Selecting previously unselected package binutils-common:amd64.
1630238738,,ui,message,    amazon-ebs: Preparing to unpack .../01-binutils-common_2.34-6ubuntu1.1_amd64.deb ...
1630238738,,ui,message,    amazon-ebs: Unpacking binutils-common:amd64 (2.34-6ubuntu1.1) ...
1630238738,,ui,message,    amazon-ebs: Selecting previously unselected package libbinutils:amd64.
1630238738,,ui,message,    amazon-ebs: Preparing to unpack .../02-libbinutils_2.34-6ubuntu1.1_amd64.deb ...
1630238738,,ui,message,    amazon-ebs: Unpacking libbinutils:amd64 (2.34-6ubuntu1.1) ...
1630238738,,ui,message,    amazon-ebs: Selecting previously unselected package libctf-nobfd0:amd64.
1630238738,,ui,message,    amazon-ebs: Preparing to unpack .../03-libctf-nobfd0_2.34-6ubuntu1.1_amd64.deb ...
1630238738,,ui,message,    amazon-ebs: Unpacking libctf-nobfd0:amd64 (2.34-6ubuntu1.1) ...
1630238738,,ui,message,    amazon-ebs: Selecting previously unselected package libctf0:amd64.
1630238738,,ui,message,    amazon-ebs: Preparing to unpack .../04-libctf0_2.34-6ubuntu1.1_amd64.deb ...
1630238738,,ui,message,    amazon-ebs: Unpacking libctf0:amd64 (2.34-6ubuntu1.1) ...
1630238738,,ui,message,    amazon-ebs: Selecting previously unselected package binutils-x86-64-linux-gnu.
1630238738,,ui,message,    amazon-ebs: Preparing to unpack .../05-binutils-x86-64-linux-gnu_2.34-6ubuntu1.1_amd64.deb ...
1630238738,,ui,message,    amazon-ebs: Unpacking binutils-x86-64-linux-gnu (2.34-6ubuntu1.1) ...
1630238739,,ui,message,    amazon-ebs: Selecting previously unselected package binutils.
1630238739,,ui,message,    amazon-ebs: Preparing to unpack .../06-binutils_2.34-6ubuntu1.1_amd64.deb ...
1630238739,,ui,message,    amazon-ebs: Unpacking binutils (2.34-6ubuntu1.1) ...
1630238739,,ui,message,    amazon-ebs: Selecting previously unselected package bridge-utils.
1630238739,,ui,message,    amazon-ebs: Preparing to unpack .../07-bridge-utils_1.6-2ubuntu1_amd64.deb ...
1630238739,,ui,message,    amazon-ebs: Unpacking bridge-utils (1.6-2ubuntu1) ...
1630238739,,ui,message,    amazon-ebs: Selecting previously unselected package runc.
1630238739,,ui,message,    amazon-ebs: Preparing to unpack .../08-runc_1.0.0~rc95-0ubuntu1~20.04.2_amd64.deb ...
1630238739,,ui,message,    amazon-ebs: Unpacking runc (1.0.0~rc95-0ubuntu1~20.04.2) ...
1630238739,,ui,message,    amazon-ebs: Selecting previously unselected package containerd.
1630238739,,ui,message,    amazon-ebs: Preparing to unpack .../09-containerd_1.5.2-0ubuntu1~20.04.2_amd64.deb ...
1630238739,,ui,message,    amazon-ebs: Unpacking containerd (1.5.2-0ubuntu1~20.04.2) ...
1630238743,,ui,message,    amazon-ebs: Selecting previously unselected package dns-root-data.
1630238743,,ui,message,    amazon-ebs: Preparing to unpack .../10-dns-root-data_2019052802_all.deb ...
1630238743,,ui,message,    amazon-ebs: Unpacking dns-root-data (2019052802) ...
1630238743,,ui,message,    amazon-ebs: Selecting previously unselected package libidn11:amd64.
1630238743,,ui,message,    amazon-ebs: Preparing to unpack .../11-libidn11_1.33-2.2ubuntu2_amd64.deb ...
1630238743,,ui,message,    amazon-ebs: Unpacking libidn11:amd64 (1.33-2.2ubuntu2) ...
1630238743,,ui,message,    amazon-ebs: Selecting previously unselected package dnsmasq-base.
1630238743,,ui,message,    amazon-ebs: Preparing to unpack .../12-dnsmasq-base_2.80-1.1ubuntu1.4_amd64.deb ...
1630238743,,ui,message,    amazon-ebs: Unpacking dnsmasq-base (2.80-1.1ubuntu1.4) ...
1630238743,,ui,message,    amazon-ebs: Selecting previously unselected package docker.io.
1630238743,,ui,message,    amazon-ebs: Preparing to unpack .../13-docker.io_20.10.7-0ubuntu1~20.04.1_amd64.deb ...
1630238743,,ui,message,    amazon-ebs: Unpacking docker.io (20.10.7-0ubuntu1~20.04.1) ...
1630238748,,ui,message,    amazon-ebs: Selecting previously unselected package ubuntu-fan.
1630238748,,ui,message,    amazon-ebs: Preparing to unpack .../14-ubuntu-fan_0.12.13_all.deb ...
1630238748,,ui,message,    amazon-ebs: Unpacking ubuntu-fan (0.12.13) ...
1630238748,,ui,message,    amazon-ebs: Setting up binutils-common:amd64 (2.34-6ubuntu1.1) ...
1630238748,,ui,message,    amazon-ebs: Setting up libctf-nobfd0:amd64 (2.34-6ubuntu1.1) ...
1630238748,,ui,message,    amazon-ebs: Setting up runc (1.0.0~rc95-0ubuntu1~20.04.2) ...
1630238748,,ui,message,    amazon-ebs: Setting up dns-root-data (2019052802) ...
1630238748,,ui,message,    amazon-ebs: Setting up libidn11:amd64 (1.33-2.2ubuntu2) ...
1630238748,,ui,message,    amazon-ebs: Setting up bridge-utils (1.6-2ubuntu1) ...
1630238748,,ui,message,    amazon-ebs: debconf: unable to initialize frontend: Dialog
1630238748,,ui,message,    amazon-ebs: debconf: (Dialog frontend will not work on a dumb terminal%!(PACKER_COMMA) an emacs shell buffer%!(PACKER_COMMA) or without a controlling terminal.)
1630238748,,ui,message,    amazon-ebs: debconf: falling back to frontend: Readline
1630238748,,ui,message,    amazon-ebs: Setting up pigz (2.4-1) ...
1630238748,,ui,message,    amazon-ebs: Setting up libbinutils:amd64 (2.34-6ubuntu1.1) ...
1630238748,,ui,message,    amazon-ebs: Setting up containerd (1.5.2-0ubuntu1~20.04.2) ...
1630238748,,ui,message,    amazon-ebs: Created symlink /etc/systemd/system/multi-user.target.wants/containerd.service → /lib/systemd/system/containerd.service.
1630238749,,ui,message,    amazon-ebs: Setting up libctf0:amd64 (2.34-6ubuntu1.1) ...
1630238749,,ui,message,    amazon-ebs: Setting up docker.io (20.10.7-0ubuntu1~20.04.1) ...
1630238749,,ui,message,    amazon-ebs: debconf: unable to initialize frontend: Dialog
1630238749,,ui,message,    amazon-ebs: debconf: (Dialog frontend will not work on a dumb terminal%!(PACKER_COMMA) an emacs shell buffer%!(PACKER_COMMA) or without a controlling terminal.)
1630238749,,ui,message,    amazon-ebs: debconf: falling back to frontend: Readline
1630238749,,ui,message,    amazon-ebs: Adding group `docker' (GID 119) ...
1630238749,,ui,message,    amazon-ebs: Done.
1630238749,,ui,message,    amazon-ebs: Created symlink /etc/systemd/system/multi-user.target.wants/docker.service → /lib/systemd/system/docker.service.
1630238750,,ui,message,    amazon-ebs: Created symlink /etc/systemd/system/sockets.target.wants/docker.socket → /lib/systemd/system/docker.socket.
1630238753,,ui,message,    amazon-ebs: Setting up dnsmasq-base (2.80-1.1ubuntu1.4) ...
1630238753,,ui,message,    amazon-ebs: Setting up binutils-x86-64-linux-gnu (2.34-6ubuntu1.1) ...
1630238753,,ui,message,    amazon-ebs: Setting up ubuntu-fan (0.12.13) ...
1630238753,,ui,message,    amazon-ebs: Created symlink /etc/systemd/system/multi-user.target.wants/ubuntu-fan.service → /lib/systemd/system/ubuntu-fan.service.
1630238754,,ui,message,    amazon-ebs: Setting up binutils (2.34-6ubuntu1.1) ...
1630238754,,ui,message,    amazon-ebs: Processing triggers for dbus (1.12.16-2ubuntu2.1) ...
1630238754,,ui,message,    amazon-ebs: Processing triggers for libc-bin (2.31-0ubuntu9.2) ...
1630238754,,ui,message,    amazon-ebs: Processing triggers for systemd (245.4-4ubuntu3.11) ...
1630238754,,ui,message,    amazon-ebs: Processing triggers for man-db (2.9.1-1) ...
1630238758,,ui,error,==> amazon-ebs: Cloning into 'efs-utils'...
1630238758,,ui,error,==> amazon-ebs: + pwd
1630238758,,ui,message,    amazon-ebs: Cleaning deb build workspace
1630238758,,ui,error,==> amazon-ebs: + BASE_DIR=/home/ubuntu/efs-utils
1630238758,,ui,error,==> amazon-ebs: + BUILD_ROOT=/home/ubuntu/efs-utils/build/debbuild
1630238758,,ui,error,==> amazon-ebs: + VERSION=1.31.2
1630238758,,ui,error,==> amazon-ebs: + RELEASE=1
1630238758,,ui,error,==> amazon-ebs: + DEB_SYSTEM_RELEASE_PATH=/etc/os-release
1630238758,,ui,message,    amazon-ebs: Creating application directories
1630238758,,ui,error,==> amazon-ebs: + echo Cleaning deb build workspace
1630238758,,ui,error,==> amazon-ebs: + rm -rf /home/ubuntu/efs-utils/build/debbuild
1630238758,,ui,error,==> amazon-ebs: + mkdir -p /home/ubuntu/efs-utils/build/debbuild
1630238758,,ui,error,==> amazon-ebs: + echo Creating application directories
1630238758,,ui,error,==> amazon-ebs: + mkdir -p /home/ubuntu/efs-utils/build/debbuild/etc/amazon/efs
1630238758,,ui,error,==> amazon-ebs: + mkdir -p /home/ubuntu/efs-utils/build/debbuild/etc/init/
1630238758,,ui,error,==> amazon-ebs: + mkdir -p /home/ubuntu/efs-utils/build/debbuild/etc/systemd/system
1630238758,,ui,error,==> amazon-ebs: + mkdir -p /home/ubuntu/efs-utils/build/debbuild/sbin
1630238758,,ui,error,==> amazon-ebs: + mkdir -p /home/ubuntu/efs-utils/build/debbuild/usr/bin
1630238758,,ui,error,==> amazon-ebs: + mkdir -p /home/ubuntu/efs-utils/build/debbuild/var/log/amazon/efs
1630238758,,ui,error,==> amazon-ebs: + mkdir -p /home/ubuntu/efs-utils/build/debbuild/usr/share/man/man8
1630238758,,ui,message,    amazon-ebs: Copying application files
1630238758,,ui,message,    amazon-ebs: Copying install scripts
1630238758,,ui,message,    amazon-ebs: Copying control file
1630238758,,ui,error,==> amazon-ebs: + echo Copying application files
1630238758,,ui,error,==> amazon-ebs: + install -p -m 644 dist/amazon-efs-mount-watchdog.conf /home/ubuntu/efs-utils/build/debbuild/etc/init
1630238758,,ui,error,==> amazon-ebs: + install -p -m 644 dist/amazon-efs-mount-watchdog.service /home/ubuntu/efs-utils/build/debbuild/etc/systemd/system
1630238758,,ui,error,==> amazon-ebs: + install -p -m 444 dist/efs-utils.crt /home/ubuntu/efs-utils/build/debbuild/etc/amazon/efs
1630238758,,ui,message,    amazon-ebs: Copying conffiles
1630238758,,ui,message,    amazon-ebs: Copying manpages
1630238758,,ui,message,    amazon-ebs: Creating deb binary file
1630238758,,ui,message,    amazon-ebs: Setting permissions
1630238758,,ui,error,==> amazon-ebs: + install -p -m 644 dist/efs-utils.conf /home/ubuntu/efs-utils/build/debbuild/etc/amazon/efs
1630238758,,ui,error,==> amazon-ebs: + install -p -m 755 src/mount_efs/__init__.py /home/ubuntu/efs-utils/build/debbuild/sbin/mount.efs
1630238758,,ui,error,==> amazon-ebs: + install -p -m 755 src/watchdog/__init__.py /home/ubuntu/efs-utils/build/debbuild/usr/bin/amazon-efs-mount-watchdog
1630238758,,ui,message,    amazon-ebs: Creating tar
1630238758,,ui,error,==> amazon-ebs: + echo Copying install scripts
1630238758,,ui,message,    amazon-ebs: Building deb
1630238758,,ui,error,==> amazon-ebs: + install -p -m 755 dist/scriptlets/after-install-upgrade /home/ubuntu/efs-utils/build/debbuild/postinst
1630238758,,ui,error,==> amazon-ebs: + install -p -m 755 dist/scriptlets/before-remove /home/ubuntu/efs-utils/build/debbuild/prerm
1630238758,,ui,error,==> amazon-ebs: + install -p -m 755 dist/scriptlets/after-remove /home/ubuntu/efs-utils/build/debbuild/postrm
1630238758,,ui,message,    amazon-ebs: Copying deb to output directory
1630238758,,ui,message,    amazon-ebs: Reading package lists...
1630238758,,ui,error,==> amazon-ebs: + echo Copying control file
1630238758,,ui,error,==> amazon-ebs: + install -p -m 644 dist/amazon-efs-utils.control /home/ubuntu/efs-utils/build/debbuild/control
1630238758,,ui,error,==> amazon-ebs: + echo Copying conffiles
1630238758,,ui,error,==> amazon-ebs: + install -p -m 644 dist/amazon-efs-utils.conffiles /home/ubuntu/efs-utils/build/debbuild/conffiles
1630238758,,ui,error,==> amazon-ebs: + echo Copying manpages
1630238758,,ui,error,==> amazon-ebs: + install -p -m 644 man/mount.efs.8 /home/ubuntu/efs-utils/build/debbuild/usr/share/man/man8/mount.efs.8
1630238758,,ui,error,==> amazon-ebs: + echo Creating deb binary file
1630238758,,ui,error,==> amazon-ebs: + echo 2.0
1630238758,,ui,error,==> amazon-ebs: + echo Setting permissions
1630238758,,ui,error,==> amazon-ebs: + find /home/ubuntu/efs-utils/build/debbuild -type d+ xargs
1630238758,,ui,error,==> amazon-ebs:  chmod 755
1630238758,,ui,error,==> amazon-ebs: + echo Creating tar
1630238758,,ui,error,==> amazon-ebs: + cd /home/ubuntu/efs-utils/build/debbuild
1630238758,,ui,error,==> amazon-ebs: + tar czf control.tar.gz control conffiles postinst prerm postrm --owner=0 --group=0
1630238758,,ui,error,==> amazon-ebs: + tar czf data.tar.gz etc sbin usr var --owner=0 --group=0
1630238758,,ui,error,==> amazon-ebs: + cd /home/ubuntu/efs-utils
1630238758,,ui,error,==> amazon-ebs: + echo Building deb
1630238758,,ui,error,==> amazon-ebs: + DEB=/home/ubuntu/efs-utils/build/debbuild/amazon-efs-utils-1.31.2-1_all.deb
1630238758,,ui,error,==> amazon-ebs: + ar r /home/ubuntu/efs-utils/build/debbuild/amazon-efs-utils-1.31.2-1_all.deb /home/ubuntu/efs-utils/build/debbuild/debian-binary
1630238758,,ui,error,==> amazon-ebs: ar: creating /home/ubuntu/efs-utils/build/debbuild/amazon-efs-utils-1.31.2-1_all.deb
1630238758,,ui,error,==> amazon-ebs: + ar r /home/ubuntu/efs-utils/build/debbuild/amazon-efs-utils-1.31.2-1_all.deb /home/ubuntu/efs-utils/build/debbuild/control.tar.gz
1630238758,,ui,error,==> amazon-ebs: + ar r /home/ubuntu/efs-utils/build/debbuild/amazon-efs-utils-1.31.2-1_all.deb /home/ubuntu/efs-utils/build/debbuild/data.tar.gz
1630238758,,ui,error,==> amazon-ebs: + echo Copying deb to output directory
1630238758,,ui,error,==> amazon-ebs: + cp /home/ubuntu/efs-utils/build/debbuild/amazon-efs-utils-1.31.2-1_all.deb build/
1630238758,,ui,error,==> amazon-ebs:
1630238758,,ui,error,==> amazon-ebs: WARNING: apt does not have a stable CLI interface. Use with caution in scripts.
1630238758,,ui,error,==> amazon-ebs:
1630238758,,ui,message,    amazon-ebs: Building dependency tree...
1630238758,,ui,message,    amazon-ebs: Reading state information...
1630238759,,ui,message,    amazon-ebs: The following additional packages will be installed:
1630238759,,ui,message,    amazon-ebs:   keyutils libnfsidmap2 libtirpc-common libtirpc3 nfs-common rpcbind stunnel4
1630238759,,ui,message,    amazon-ebs: Suggested packages:
1630238759,,ui,message,    amazon-ebs:   watchdog logcheck-database
1630238759,,ui,message,    amazon-ebs: The following NEW packages will be installed:
1630238759,,ui,message,    amazon-ebs:   amazon-efs-utils keyutils libnfsidmap2 libtirpc-common libtirpc3 nfs-common
1630238759,,ui,message,    amazon-ebs:   rpcbind stunnel4
1630238759,,ui,message,    amazon-ebs: 0 upgraded%!(PACKER_COMMA) 8 newly installed%!(PACKER_COMMA) 0 to remove and 0 not upgraded.
1630238759,,ui,message,    amazon-ebs: Need to get 596 kB/645 kB of archives.
1630238759,,ui,message,    amazon-ebs: After this operation%!(PACKER_COMMA) 2047 kB of additional disk space will be used.
1630238759,,ui,message,    amazon-ebs: Get:1 /home/ubuntu/efs-utils/build/amazon-efs-utils-1.31.2-1_all.deb amazon-efs-utils all 1.31.2 [49.1 kB]
1630238759,,ui,message,    amazon-ebs: Get:2 http://us-east-2.ec2.archive.ubuntu.com/ubuntu focal/main amd64 libtirpc-common all 1.2.5-1 [7632 B]
1630238759,,ui,message,    amazon-ebs: Get:3 http://us-east-2.ec2.archive.ubuntu.com/ubuntu focal/main amd64 libtirpc3 amd64 1.2.5-1 [77.2 kB]
1630238759,,ui,message,    amazon-ebs: Get:4 http://us-east-2.ec2.archive.ubuntu.com/ubuntu focal/main amd64 rpcbind amd64 1.2.5-8 [42.8 kB]
1630238759,,ui,message,    amazon-ebs: Get:5 http://us-east-2.ec2.archive.ubuntu.com/ubuntu focal/universe amd64 stunnel4 amd64 3:5.56-1 [191 kB]
1630238759,,ui,message,    amazon-ebs: Get:6 http://us-east-2.ec2.archive.ubuntu.com/ubuntu focal/main amd64 libnfsidmap2 amd64 0.25-5.1ubuntu1 [27.9 kB]
1630238759,,ui,message,    amazon-ebs: Get:7 http://us-east-2.ec2.archive.ubuntu.com/ubuntu focal/main amd64 keyutils amd64 1.6-6ubuntu1 [45.0 kB]
1630238759,,ui,message,    amazon-ebs: Get:8 http://us-east-2.ec2.archive.ubuntu.com/ubuntu focal-updates/main amd64 nfs-common amd64 1:1.3.4-2.5ubuntu3.4 [204 kB]
1630238759,,ui,error,==> amazon-ebs: debconf: unable to initialize frontend: Dialog
1630238759,,ui,error,==> amazon-ebs: debconf: (Dialog frontend will not work on a dumb terminal%!(PACKER_COMMA) an emacs shell buffer%!(PACKER_COMMA) or without a controlling terminal.)
1630238759,,ui,error,==> amazon-ebs: debconf: falling back to frontend: Readline
1630238759,,ui,error,==> amazon-ebs: debconf: unable to initialize frontend: Readline
1630238759,,ui,error,==> amazon-ebs: debconf: (This frontend requires a controlling tty.)
1630238759,,ui,error,==> amazon-ebs: debconf: falling back to frontend: Teletype
1630238759,,ui,error,==> amazon-ebs: dpkg-preconfigure: unable to re-open stdin:
1630238759,,ui,message,    amazon-ebs: Fetched 596 kB in 0s (12.6 MB/s)
1630238759,,ui,message,    amazon-ebs: Selecting previously unselected package libtirpc-common.
1630238759,,ui,message,    amazon-ebs: (Reading database ... 64378 files and directories currently installed.)
1630238759,,ui,message,    amazon-ebs: Preparing to unpack .../0-libtirpc-common_1.2.5-1_all.deb ...
1630238759,,ui,message,    amazon-ebs: Unpacking libtirpc-common (1.2.5-1) ...
1630238759,,ui,message,    amazon-ebs: Selecting previously unselected package libtirpc3:amd64.
1630238759,,ui,message,    amazon-ebs: Preparing to unpack .../1-libtirpc3_1.2.5-1_amd64.deb ...
1630238759,,ui,message,    amazon-ebs: Unpacking libtirpc3:amd64 (1.2.5-1) ...
1630238759,,ui,message,    amazon-ebs: Selecting previously unselected package rpcbind.
1630238759,,ui,message,    amazon-ebs: Preparing to unpack .../2-rpcbind_1.2.5-8_amd64.deb ...
1630238759,,ui,message,    amazon-ebs: Unpacking rpcbind (1.2.5-8) ...
1630238759,,ui,message,    amazon-ebs: Selecting previously unselected package stunnel4.
1630238759,,ui,message,    amazon-ebs: Preparing to unpack .../3-stunnel4_3%3a5.56-1_amd64.deb ...
1630238759,,ui,message,    amazon-ebs: Unpacking stunnel4 (3:5.56-1) ...
1630238759,,ui,message,    amazon-ebs: Selecting previously unselected package libnfsidmap2:amd64.
1630238759,,ui,message,    amazon-ebs: Preparing to unpack .../4-libnfsidmap2_0.25-5.1ubuntu1_amd64.deb ...
1630238759,,ui,message,    amazon-ebs: Unpacking libnfsidmap2:amd64 (0.25-5.1ubuntu1) ...
1630238759,,ui,message,    amazon-ebs: Selecting previously unselected package keyutils.
1630238759,,ui,message,    amazon-ebs: Preparing to unpack .../5-keyutils_1.6-6ubuntu1_amd64.deb ...
1630238759,,ui,message,    amazon-ebs: Unpacking keyutils (1.6-6ubuntu1) ...
1630238759,,ui,message,    amazon-ebs: Selecting previously unselected package nfs-common.
1630238759,,ui,message,    amazon-ebs: Preparing to unpack .../6-nfs-common_1%3a1.3.4-2.5ubuntu3.4_amd64.deb ...
1630238759,,ui,message,    amazon-ebs: Unpacking nfs-common (1:1.3.4-2.5ubuntu3.4) ...
1630238760,,ui,message,    amazon-ebs: Selecting previously unselected package amazon-efs-utils.
1630238760,,ui,message,    amazon-ebs: Preparing to unpack .../7-amazon-efs-utils-1.31.2-1_all.deb ...
1630238760,,ui,message,    amazon-ebs: Unpacking amazon-efs-utils (1.31.2) ...
1630238760,,ui,message,    amazon-ebs: Setting up stunnel4 (3:5.56-1) ...
1630238760,,ui,message,    amazon-ebs: Warning: The home dir /var/run/stunnel4 you specified can't be accessed: No such file or directory
1630238760,,ui,message,    amazon-ebs: Adding system user `stunnel4' (UID 114) ...
1630238760,,ui,message,    amazon-ebs: Adding new group `stunnel4' (GID 120) ...
1630238760,,ui,message,    amazon-ebs: Adding new user `stunnel4' (UID 114) with group `stunnel4' ...
1630238760,,ui,message,    amazon-ebs: Not creating home directory `/var/run/stunnel4'.
1630238760,,ui,message,    amazon-ebs: Setting up libtirpc-common (1.2.5-1) ...
1630238760,,ui,message,    amazon-ebs: Setting up keyutils (1.6-6ubuntu1) ...
1630238760,,ui,message,    amazon-ebs: Setting up libnfsidmap2:amd64 (0.25-5.1ubuntu1) ...
1630238760,,ui,message,    amazon-ebs: Setting up libtirpc3:amd64 (1.2.5-1) ...
1630238760,,ui,message,    amazon-ebs: Setting up rpcbind (1.2.5-8) ...
1630238761,,ui,message,    amazon-ebs: Created symlink /etc/systemd/system/multi-user.target.wants/rpcbind.service → /lib/systemd/system/rpcbind.service.
1630238761,,ui,message,    amazon-ebs: Created symlink /etc/systemd/system/sockets.target.wants/rpcbind.socket → /lib/systemd/system/rpcbind.socket.
1630238762,,ui,message,    amazon-ebs: Setting up nfs-common (1:1.3.4-2.5ubuntu3.4) ...
1630238762,,ui,message,    amazon-ebs: debconf: unable to initialize frontend: Dialog
1630238762,,ui,message,    amazon-ebs: debconf: (Dialog frontend will not work on a dumb terminal%!(PACKER_COMMA) an emacs shell buffer%!(PACKER_COMMA) or without a controlling terminal.)
1630238762,,ui,message,    amazon-ebs: debconf: falling back to frontend: Readline
1630238762,,ui,message,    amazon-ebs:
1630238762,,ui,message,    amazon-ebs: Creating config file /etc/idmapd.conf with new version
1630238762,,ui,message,    amazon-ebs: debconf: unable to initialize frontend: Dialog
1630238762,,ui,message,    amazon-ebs: debconf: (Dialog frontend will not work on a dumb terminal%!(PACKER_COMMA) an emacs shell buffer%!(PACKER_COMMA) or without a controlling terminal.)
1630238762,,ui,message,    amazon-ebs: debconf: falling back to frontend: Readline
1630238762,,ui,message,    amazon-ebs: Adding system user `statd' (UID 116) ...
1630238762,,ui,message,    amazon-ebs: Adding new user `statd' (UID 116) with group `nogroup' ...
1630238762,,ui,message,    amazon-ebs: Not creating home directory `/var/lib/nfs'.
1630238762,,ui,message,    amazon-ebs: Created symlink /etc/systemd/system/multi-user.target.wants/nfs-client.target → /lib/systemd/system/nfs-client.target.
1630238762,,ui,message,    amazon-ebs: Created symlink /etc/systemd/system/remote-fs.target.wants/nfs-client.target → /lib/systemd/system/nfs-client.target.
1630238763,,ui,message,    amazon-ebs: nfs-utils.service is a disabled or a static unit%!(PACKER_COMMA) not starting it.
1630238763,,ui,message,    amazon-ebs: Setting up amazon-efs-utils (1.31.2) ...
1630238763,,ui,message,    amazon-ebs: Processing triggers for systemd (245.4-4ubuntu3.11) ...
1630238763,,ui,message,    amazon-ebs: Processing triggers for man-db (2.9.1-1) ...
1630238764,,ui,message,    amazon-ebs: Processing triggers for libc-bin (2.31-0ubuntu9.2) ...
1630238766,,ui,say,==> amazon-ebs: Stopping the source instance...
1630238766,,ui,message,    amazon-ebs: Stopping instance
1630238767,,ui,say,==> amazon-ebs: Waiting for the instance to stop...
1630238799,,ui,say,==> amazon-ebs: Creating AMI aws-swarm-instance-1630238669 from instance i-05cfa1cb76ca9f632
1630238799,,ui,message,    amazon-ebs: AMI: ami-084df7e00220f9cf5
1630238799,,ui,say,==> amazon-ebs: Waiting for AMI to become ready...
1630238894,,ui,say,==> amazon-ebs: Terminating the source AWS instance...
1630238911,,ui,say,==> amazon-ebs: Cleaning up any extra volumes...
1630238912,,ui,say,==> amazon-ebs: No volumes to clean up%!(PACKER_COMMA) skipping
1630238912,,ui,say,==> amazon-ebs: Deleting temporary security group...
1630238912,,ui,say,==> amazon-ebs: Deleting temporary keypair...
1630238913,,ui,say,Build 'amazon-ebs' finished after 4 minutes 3 seconds.
1630238913,,ui,say,\n==> Wait completed after 4 minutes 3 seconds
1630238913,,ui,say,\n==> Builds finished. The artifacts of successful builds are:
1630238913,amazon-ebs,artifact-count,1
1630238913,amazon-ebs,artifact,0,builder-id,mitchellh.amazonebs
1630238913,amazon-ebs,artifact,0,id,us-east-2:ami-084df7e00220f9cf5
1630238913,amazon-ebs,artifact,0,string,AMIs were created:\nus-east-2: ami-084df7e00220f9cf5\n
1630238913,amazon-ebs,artifact,0,files-count,0
1630238913,amazon-ebs,artifact,0,end
1630238913,,ui,say,--> amazon-ebs: AMIs were created:\nus-east-2: ami-084df7e00220f9cf5\n
